[debug] [2020-09-10T21:14:11.353Z] ----------------------------------------------------------------------
[debug] [2020-09-10T21:14:11.355Z] Command:       C:\Program Files\nodejs\node.exe C:\Users\fazer1929\AppData\Roaming\npm\node_modules\firebase-tools\lib\bin\firebase.js emulators:start
[debug] [2020-09-10T21:14:11.355Z] CLI Version:   8.10.0
[debug] [2020-09-10T21:14:11.355Z] Platform:      win32
[debug] [2020-09-10T21:14:11.355Z] Node Version:  v12.13.1
[debug] [2020-09-10T21:14:11.356Z] Time:          Fri Sep 11 2020 02:44:11 GMT+0530 (India Standard Time)
[debug] [2020-09-10T21:14:11.357Z] ----------------------------------------------------------------------
[debug] [2020-09-10T21:14:11.357Z] 
[debug] [2020-09-10T21:14:11.370Z] > command requires scopes: ["email","openid","https://www.googleapis.com/auth/cloudplatformprojects.readonly","https://www.googleapis.com/auth/firebase","https://www.googleapis.com/auth/cloud-platform"]
[debug] [2020-09-10T21:14:11.371Z] > authorizing via signed-in user
[info] i  emulators: Starting emulators: functions, hosting {"metadata":{"emulator":{"name":"hub"},"message":"Starting emulators: functions, hosting"}}
[debug] [2020-09-10T21:14:13.426Z] [hub] writing locator at C:\Users\FAZER1~1\AppData\Local\Temp\hub-e-commerce-39de8.json
[warn] !  functions: The following emulators are not running, calls to these services from the Functions emulator will affect production: firestore, database, pubsub {"metadata":{"emulator":{"name":"functions"},"message":"The following emulators are not running, calls to these services from the Functions emulator will affect production: \u001b[1mfirestore, database, pubsub\u001b[22m"}}
[warn] !  Your requested "node" version "10" doesn't match your global version "12" {"metadata":{"emulator":{"name":"functions"},"message":"Your requested \"node\" version \"10\" doesn't match your global version \"12\""}}
[debug] [2020-09-10T21:14:15.477Z] defaultcredentials: writing to file C:\Users\fazer1929\AppData\Roaming\firebase\abhishekagrawal8888_gmail_com_application_default_credentials.json
[debug] [2020-09-10T21:14:15.482Z] Setting GAC to C:\Users\fazer1929\AppData\Roaming\firebase\abhishekagrawal8888_gmail_com_application_default_credentials.json {"metadata":{"emulator":{"name":"functions"},"message":"Setting GAC to C:\\Users\\fazer1929\\AppData\\Roaming\\firebase\\abhishekagrawal8888_gmail_com_application_default_credentials.json"}}
[debug] [2020-09-10T21:14:17.497Z] > refreshing access token with scopes: ["email","https://www.googleapis.com/auth/cloud-platform","https://www.googleapis.com/auth/cloudplatformprojects.readonly","https://www.googleapis.com/auth/firebase","openid"]
[debug] [2020-09-10T21:14:17.497Z] >>> HTTP REQUEST POST https://www.googleapis.com/oauth2/v3/token  
 <request body omitted>
[debug] [2020-09-10T21:14:17.781Z] <<< HTTP RESPONSE 200 {"content-type":"application/json; charset=utf-8","vary":"X-Origin, Referer, Origin,Accept-Encoding","date":"Thu, 10 Sep 2020 21:14:17 GMT","server":"scaffolding on HTTPServer2","cache-control":"private","x-xss-protection":"0","x-frame-options":"SAMEORIGIN","x-content-type-options":"nosniff","alt-svc":"h3-29=\":443\"; ma=2592000,h3-27=\":443\"; ma=2592000,h3-T051=\":443\"; ma=2592000,h3-T050=\":443\"; ma=2592000,h3-Q050=\":443\"; ma=2592000,h3-Q046=\":443\"; ma=2592000,h3-Q043=\":443\"; ma=2592000,quic=\":443\"; ma=2592000; v=\"46,43\"","accept-ranges":"none","transfer-encoding":"chunked"}
[debug] [2020-09-10T21:14:17.852Z] >>> HTTP REQUEST GET https://firebase.googleapis.com/v1beta1/projects/e-commerce-39de8/webApps/-/config  
 
[debug] [2020-09-10T21:14:19.442Z] <<< HTTP RESPONSE 200 {"content-type":"application/json; charset=UTF-8","vary":"X-Origin, Referer, Origin,Accept-Encoding","date":"Thu, 10 Sep 2020 21:14:19 GMT","server":"ESF","cache-control":"private","x-xss-protection":"0","x-frame-options":"SAMEORIGIN","x-content-type-options":"nosniff","alt-svc":"h3-29=\":443\"; ma=2592000,h3-27=\":443\"; ma=2592000,h3-T051=\":443\"; ma=2592000,h3-T050=\":443\"; ma=2592000,h3-Q050=\":443\"; ma=2592000,h3-Q046=\":443\"; ma=2592000,h3-Q043=\":443\"; ma=2592000,quic=\":443\"; ma=2592000; v=\"46,43\"","accept-ranges":"none","transfer-encoding":"chunked"}
[info] i  hosting: Serving hosting files from: build {"metadata":{"emulator":{"name":"hosting"},"message":"Serving hosting files from: \u001b[1mbuild\u001b[22m"}}
[info] +  hosting: Local server: http://localhost:5000 {"metadata":{"emulator":{"name":"hosting"},"message":"Local server: \u001b[4m\u001b[1mhttp://localhost:5000\u001b[22m\u001b[24m"}}
[debug] [2020-09-10T21:14:24.007Z] Ignoring unsupported arg: auto_download {"metadata":{"emulator":{"name":"ui"},"message":"Ignoring unsupported arg: auto_download"}}
[debug] [2020-09-10T21:14:24.008Z] Ignoring unsupported arg: port {"metadata":{"emulator":{"name":"ui"},"message":"Ignoring unsupported arg: port"}}
[debug] [2020-09-10T21:14:24.008Z] Starting Emulator UI with command {"binary":"node","args":["C:\\Users\\fazer1929\\.cache\\firebase\\emulators\\ui-v1.1.1\\server.bundle.js"],"optionalArgs":[],"joinArgs":false} {"metadata":{"emulator":{"name":"ui"},"message":"Starting Emulator UI with command {\"binary\":\"node\",\"args\":[\"C:\\\\Users\\\\fazer1929\\\\.cache\\\\firebase\\\\emulators\\\\ui-v1.1.1\\\\server.bundle.js\"],\"optionalArgs\":[],\"joinArgs\":false}"}}
[info] i  ui: Emulator UI logging to ui-debug.log {"metadata":{"emulator":{"name":"ui"},"message":"Emulator UI logging to \u001b[1mui-debug.log\u001b[22m"}}
[debug] [2020-09-10T21:14:24.166Z] Web / API server started at http://localhost:4000
 {"metadata":{"emulator":{"name":"ui"},"message":"Web / API server started at http://localhost:4000\n"}}
[info] i  functions: Watching "E:\Projects\WebDevelopment\ecommerce-web\functions" for Cloud Functions... {"metadata":{"emulator":{"name":"functions"},"message":"Watching \"E:\\Projects\\WebDevelopment\\ecommerce-web\\functions\" for Cloud Functions..."}}
[debug] [2020-09-10T21:14:24.539Z] [worker-pool] addWorker(~diagnostic~) {"metadata":{"emulator":{"name":"functions"},"message":"[worker-pool] addWorker(~diagnostic~)"}}
[debug] [2020-09-10T21:14:24.539Z] [worker-pool] Adding worker with key ~diagnostic~, total=1 {"metadata":{"emulator":{"name":"functions"},"message":"[worker-pool] Adding worker with key ~diagnostic~, total=1"}}
[debug] [2020-09-10T21:14:24.540Z] [worker-pool] submitWork(triggerId=) {"metadata":{"emulator":{"name":"functions"},"message":"[worker-pool] submitWork(triggerId=)"}}
[debug] [2020-09-10T21:14:24.540Z] [worker-~diagnostic~-f2855f7f-28d2-4110-93ec-ec92faf7f7f1]: Assigning socketPath: \\?\pipe\E:\Projects\WebDevelopment\ecommerce-web\functions\9560 {"metadata":{"emulator":{"name":"functions"},"message":"[worker-~diagnostic~-f2855f7f-28d2-4110-93ec-ec92faf7f7f1]: Assigning socketPath: \\\\?\\pipe\\E:\\Projects\\WebDevelopment\\ecommerce-web\\functions\\9560"}}
[debug] [2020-09-10T21:14:24.541Z] [worker-~diagnostic~-f2855f7f-28d2-4110-93ec-ec92faf7f7f1]: BUSY {"metadata":{"emulator":{"name":"functions"},"message":"[worker-~diagnostic~-f2855f7f-28d2-4110-93ec-ec92faf7f7f1]: BUSY"}}
